<?xml version="1.0" encoding="UTF-8"?>
<!-- Generated by org.testng.reporters.JUnitReportReporter -->
<testsuite hostname="rerajara" name="test.TestRunner" tests="2" failures="0" timestamp="18 Jul 2020 13:52:08 GMT" time="70.869" errors="0">
  <testcase name="feature" time="36.993" classname="test.TestRunner"/>
  <testcase name="feature" time="33.876" classname="test.TestRunner"/>
</testsuite> <!-- test.TestRunner -->
